# Logfile created on 2014-09-23 23:35:27 +0100 by logger.rb/44203
I, [2014-09-23T23:35:27.336307 #23591]  INFO -- : 0:  rake (10.3.2) from /usr/local/lib/ruby/gems/2.1.0/specifications/rake-10.3.2.gemspec
I, [2014-09-23T23:35:27.336528 #23591]  INFO -- : 0:  columnize (0.8.9) from /usr/local/lib/ruby/gems/2.1.0/specifications/columnize-0.8.9.gemspec
I, [2014-09-23T23:35:27.336696 #23591]  INFO -- : 0:  debugger-linecache (1.2.0) from /usr/local/lib/ruby/gems/2.1.0/specifications/debugger-linecache-1.2.0.gemspec
I, [2014-09-23T23:35:27.336863 #23591]  INFO -- : 0:  slop (3.6.0) from /usr/local/lib/ruby/gems/2.1.0/specifications/slop-3.6.0.gemspec
I, [2014-09-23T23:35:27.337030 #23591]  INFO -- : 0:  byebug (3.4.0) from /usr/local/lib/ruby/gems/2.1.0/specifications/byebug-3.4.0.gemspec
I, [2014-09-23T23:35:27.337190 #23591]  INFO -- : 0:  hitimes (1.2.2) from /usr/local/lib/ruby/gems/2.1.0/specifications/hitimes-1.2.2.gemspec
I, [2014-09-23T23:35:27.337350 #23591]  INFO -- : 0:  timers (4.0.1) from /usr/local/lib/ruby/gems/2.1.0/specifications/timers-4.0.1.gemspec
I, [2014-09-23T23:35:27.337515 #23591]  INFO -- : 0:  celluloid (0.16.0) from /usr/local/lib/ruby/gems/2.1.0/specifications/celluloid-0.16.0.gemspec
I, [2014-09-23T23:35:27.337678 #23591]  INFO -- : 0:  docile (1.1.5) from /usr/local/lib/ruby/gems/2.1.0/specifications/docile-1.1.5.gemspec
I, [2014-09-23T23:35:27.337826 #23591]  INFO -- : 0:  multi_json (1.10.1) from /usr/local/lib/ruby/gems/2.1.0/specifications/multi_json-1.10.1.gemspec
I, [2014-09-23T23:35:27.337965 #23591]  INFO -- : 0:  simplecov-html (0.8.0) from /usr/local/lib/ruby/gems/2.1.0/specifications/simplecov-html-0.8.0.gemspec
I, [2014-09-23T23:35:31.248698 #23591]  INFO -- : 0:  simplecov (0.9.1) from /usr/local/lib/ruby/gems/2.1.0/specifications/simplecov-0.9.1.gemspec
I, [2014-09-23T23:35:31.251939 #23591]  INFO -- : 0:  codeclimate-test-reporter (0.4.0) from /usr/local/lib/ruby/gems/2.1.0/specifications/codeclimate-test-reporter-0.4.0.gemspec
I, [2014-09-23T23:35:31.252161 #23591]  INFO -- : 0:  coderay (1.1.0) from /usr/local/lib/ruby/gems/2.1.0/specifications/coderay-1.1.0.gemspec
I, [2014-09-23T23:35:31.252400 #23591]  INFO -- : 0:  diff-lcs (1.2.5) from /usr/local/lib/ruby/gems/2.1.0/specifications/diff-lcs-1.2.5.gemspec
I, [2014-09-23T23:35:31.252641 #23591]  INFO -- : 0:  ffi (1.9.3) from /usr/local/lib/ruby/gems/2.1.0/specifications/ffi-1.9.3.gemspec
I, [2014-09-23T23:35:31.252857 #23591]  INFO -- : 0:  formatador (0.2.5) from /usr/local/lib/ruby/gems/2.1.0/specifications/formatador-0.2.5.gemspec
I, [2014-09-23T23:35:31.253109 #23591]  INFO -- : 0:  rb-fsevent (0.9.4) from /usr/local/lib/ruby/gems/2.1.0/specifications/rb-fsevent-0.9.4.gemspec
I, [2014-09-23T23:35:31.253363 #23591]  INFO -- : 0:  rb-inotify (0.9.5) from /usr/local/lib/ruby/gems/2.1.0/specifications/rb-inotify-0.9.5.gemspec
I, [2014-09-23T23:35:31.253603 #23591]  INFO -- : 0:  listen (2.7.9) from /usr/local/lib/ruby/gems/2.1.0/specifications/listen-2.7.9.gemspec
I, [2014-09-23T23:35:31.253842 #23591]  INFO -- : 0:  lumberjack (1.0.9) from /usr/local/lib/ruby/gems/2.1.0/specifications/lumberjack-1.0.9.gemspec
I, [2014-09-23T23:35:31.254085 #23591]  INFO -- : 0:  method_source (0.8.2) from /usr/local/lib/ruby/gems/2.1.0/specifications/method_source-0.8.2.gemspec
I, [2014-09-23T23:35:31.254296 #23591]  INFO -- : 0:  pry (0.10.1) from /usr/local/lib/ruby/gems/2.1.0/specifications/pry-0.10.1.gemspec
I, [2014-09-23T23:35:31.254499 #23591]  INFO -- : 0:  thor (0.19.1) from /usr/local/lib/ruby/gems/2.1.0/specifications/thor-0.19.1.gemspec
I, [2014-09-23T23:35:31.254763 #23591]  INFO -- : 0:  guard (2.6.1) from /usr/local/lib/ruby/gems/2.1.0/specifications/guard-2.6.1.gemspec
I, [2014-09-23T23:35:31.255030 #23591]  INFO -- : 0:  rspec-support (3.1.0) from /usr/local/lib/ruby/gems/2.1.0/specifications/rspec-support-3.1.0.gemspec
I, [2014-09-23T23:35:31.255259 #23591]  INFO -- : 0:  rspec-core (3.1.4) from /usr/local/lib/ruby/gems/2.1.0/specifications/rspec-core-3.1.4.gemspec
I, [2014-09-23T23:35:31.255514 #23591]  INFO -- : 0:  rspec-expectations (3.1.1) from /usr/local/lib/ruby/gems/2.1.0/specifications/rspec-expectations-3.1.1.gemspec
I, [2014-09-23T23:35:31.255748 #23591]  INFO -- : 0:  rspec-mocks (3.1.1) from /usr/local/lib/ruby/gems/2.1.0/specifications/rspec-mocks-3.1.1.gemspec
I, [2014-09-23T23:35:31.255991 #23591]  INFO -- : 0:  rspec (3.1.0) from /usr/local/lib/ruby/gems/2.1.0/specifications/rspec-3.1.0.gemspec
I, [2014-09-23T23:35:31.256190 #23591]  INFO -- : 0:  guard-rspec (4.3.1) from /usr/local/lib/ruby/gems/2.1.0/specifications/guard-rspec-4.3.1.gemspec
I, [2014-09-23T23:35:31.256370 #23591]  INFO -- : 0:  pry-byebug (2.0.0) from /usr/local/lib/ruby/gems/2.1.0/specifications/pry-byebug-2.0.0.gemspec
I, [2014-09-23T23:35:31.256551 #23591]  INFO -- : 0:  bundler (1.5.1) from /usr/local/lib/ruby/gems/2.1.0/specifications/bundler-1.5.1.gemspec
I, [2014-09-24T12:31:16.944168 #27164]  INFO -- : 0:  rake (10.3.2) from /usr/local/lib/ruby/gems/2.1.0/specifications/rake-10.3.2.gemspec
I, [2014-09-24T12:31:16.944464 #27164]  INFO -- : 0:  columnize (0.8.9) from /usr/local/lib/ruby/gems/2.1.0/specifications/columnize-0.8.9.gemspec
I, [2014-09-24T12:31:16.944686 #27164]  INFO -- : 0:  debugger-linecache (1.2.0) from /usr/local/lib/ruby/gems/2.1.0/specifications/debugger-linecache-1.2.0.gemspec
I, [2014-09-24T12:31:16.944897 #27164]  INFO -- : 0:  slop (3.6.0) from /usr/local/lib/ruby/gems/2.1.0/specifications/slop-3.6.0.gemspec
I, [2014-09-24T12:31:16.945091 #27164]  INFO -- : 0:  byebug (3.4.0) from /usr/local/lib/ruby/gems/2.1.0/specifications/byebug-3.4.0.gemspec
I, [2014-09-24T12:31:16.945283 #27164]  INFO -- : 0:  hitimes (1.2.2) from /usr/local/lib/ruby/gems/2.1.0/specifications/hitimes-1.2.2.gemspec
I, [2014-09-24T12:31:16.945469 #27164]  INFO -- : 0:  timers (4.0.1) from /usr/local/lib/ruby/gems/2.1.0/specifications/timers-4.0.1.gemspec
I, [2014-09-24T12:31:16.945692 #27164]  INFO -- : 0:  celluloid (0.16.0) from /usr/local/lib/ruby/gems/2.1.0/specifications/celluloid-0.16.0.gemspec
I, [2014-09-24T12:31:16.945875 #27164]  INFO -- : 0:  docile (1.1.5) from /usr/local/lib/ruby/gems/2.1.0/specifications/docile-1.1.5.gemspec
I, [2014-09-24T12:31:16.946066 #27164]  INFO -- : 0:  multi_json (1.10.1) from /usr/local/lib/ruby/gems/2.1.0/specifications/multi_json-1.10.1.gemspec
I, [2014-09-24T12:31:16.946261 #27164]  INFO -- : 0:  simplecov-html (0.8.0) from /usr/local/lib/ruby/gems/2.1.0/specifications/simplecov-html-0.8.0.gemspec
I, [2014-09-24T12:31:16.946458 #27164]  INFO -- : 0:  simplecov (0.9.1) from /usr/local/lib/ruby/gems/2.1.0/specifications/simplecov-0.9.1.gemspec
I, [2014-09-24T12:31:16.946694 #27164]  INFO -- : 0:  codeclimate-test-reporter (0.4.0) from /usr/local/lib/ruby/gems/2.1.0/specifications/codeclimate-test-reporter-0.4.0.gemspec
I, [2014-09-24T12:31:16.946887 #27164]  INFO -- : 0:  coderay (1.1.0) from /usr/local/lib/ruby/gems/2.1.0/specifications/coderay-1.1.0.gemspec
I, [2014-09-24T12:31:16.947084 #27164]  INFO -- : 0:  diff-lcs (1.2.5) from /usr/local/lib/ruby/gems/2.1.0/specifications/diff-lcs-1.2.5.gemspec
I, [2014-09-24T12:31:16.947263 #27164]  INFO -- : 0:  ffi (1.9.3) from /usr/local/lib/ruby/gems/2.1.0/specifications/ffi-1.9.3.gemspec
I, [2014-09-24T12:31:16.947461 #27164]  INFO -- : 0:  formatador (0.2.5) from /usr/local/lib/ruby/gems/2.1.0/specifications/formatador-0.2.5.gemspec
I, [2014-09-24T12:31:16.947642 #27164]  INFO -- : 0:  rb-fsevent (0.9.4) from /usr/local/lib/ruby/gems/2.1.0/specifications/rb-fsevent-0.9.4.gemspec
I, [2014-09-24T12:31:16.947843 #27164]  INFO -- : 0:  rb-inotify (0.9.5) from /usr/local/lib/ruby/gems/2.1.0/specifications/rb-inotify-0.9.5.gemspec
I, [2014-09-24T12:31:16.948053 #27164]  INFO -- : 0:  listen (2.7.9) from /usr/local/lib/ruby/gems/2.1.0/specifications/listen-2.7.9.gemspec
I, [2014-09-24T12:31:16.948240 #27164]  INFO -- : 0:  lumberjack (1.0.9) from /usr/local/lib/ruby/gems/2.1.0/specifications/lumberjack-1.0.9.gemspec
I, [2014-09-24T12:31:16.948430 #27164]  INFO -- : 0:  method_source (0.8.2) from /usr/local/lib/ruby/gems/2.1.0/specifications/method_source-0.8.2.gemspec
I, [2014-09-24T12:31:16.948634 #27164]  INFO -- : 0:  pry (0.10.1) from /usr/local/lib/ruby/gems/2.1.0/specifications/pry-0.10.1.gemspec
I, [2014-09-24T12:31:16.950493 #27164]  INFO -- : 0:  thor (0.19.1) from /usr/local/lib/ruby/gems/2.1.0/specifications/thor-0.19.1.gemspec
I, [2014-09-24T12:31:16.950741 #27164]  INFO -- : 0:  guard (2.6.1) from /usr/local/lib/ruby/gems/2.1.0/specifications/guard-2.6.1.gemspec
I, [2014-09-24T12:31:16.950948 #27164]  INFO -- : 0:  rspec-support (3.1.0) from /usr/local/lib/ruby/gems/2.1.0/specifications/rspec-support-3.1.0.gemspec
I, [2014-09-24T12:31:16.951164 #27164]  INFO -- : 0:  rspec-core (3.1.4) from /usr/local/lib/ruby/gems/2.1.0/specifications/rspec-core-3.1.4.gemspec
I, [2014-09-24T12:31:16.951372 #27164]  INFO -- : 0:  rspec-expectations (3.1.1) from /usr/local/lib/ruby/gems/2.1.0/specifications/rspec-expectations-3.1.1.gemspec
I, [2014-09-24T12:31:16.951579 #27164]  INFO -- : 0:  rspec-mocks (3.1.1) from /usr/local/lib/ruby/gems/2.1.0/specifications/rspec-mocks-3.1.1.gemspec
I, [2014-09-24T12:31:16.951763 #27164]  INFO -- : 0:  rspec (3.1.0) from /usr/local/lib/ruby/gems/2.1.0/specifications/rspec-3.1.0.gemspec
I, [2014-09-24T12:31:16.951968 #27164]  INFO -- : 0:  guard-rspec (4.3.1) from /usr/local/lib/ruby/gems/2.1.0/specifications/guard-rspec-4.3.1.gemspec
I, [2014-09-24T12:31:16.952155 #27164]  INFO -- : 0:  net-ssh (2.9.1) from /usr/local/lib/ruby/gems/2.1.0/specifications/net-ssh-2.9.1.gemspec
I, [2014-09-24T12:31:16.952336 #27164]  INFO -- : 0:  net-sftp (2.1.2) from /usr/local/lib/ruby/gems/2.1.0/specifications/net-sftp-2.1.2.gemspec
I, [2014-09-24T12:31:16.952544 #27164]  INFO -- : 0:  pry-byebug (2.0.0) from /usr/local/lib/ruby/gems/2.1.0/specifications/pry-byebug-2.0.0.gemspec
I, [2014-09-24T12:31:16.952727 #27164]  INFO -- : 0:  bundler (1.5.1) from /usr/local/lib/ruby/gems/2.1.0/specifications/bundler-1.5.1.gemspec
